  [1m[36m (1.8ms)[0m  [1mCREATE TABLE "schema_migrations" ("version" varchar NOT NULL) [0m
  [1m[35m (0.6ms)[0m  select sqlite_version(*)
  [1m[36m (1.7ms)[0m  [1mCREATE UNIQUE INDEX "unique_schema_migrations" ON "schema_migrations" ("version")[0m
  [1m[35mActiveRecord::SchemaMigration Load (0.2ms)[0m  SELECT "schema_migrations".* FROM "schema_migrations"
Migrating to CreateCampaigns (20150215001847)
  [1m[36m (0.1ms)[0m  [1mbegin transaction[0m
  [1m[35m (0.7ms)[0m  CREATE TABLE "campaigns" ("id" INTEGER PRIMARY KEY AUTOINCREMENT NOT NULL, "Campaign_id" integer, "name" varchar, "date_start" date, "date_end" date, "days" varchar, "hours" varchar, "status_campaign" varchar, "created_at" datetime NOT NULL, "updated_at" datetime NOT NULL) 
  [1m[36mSQL (0.3ms)[0m  [1mINSERT INTO "schema_migrations" ("version") VALUES (?)[0m  [["version", "20150215001847"]]
  [1m[35m (1.6ms)[0m  commit transaction
Migrating to DeviseCreateUsers (20150215003208)
  [1m[36m (0.1ms)[0m  [1mbegin transaction[0m
DEPRECATION WARNING: `#timestamp` was called without specifying an option for `null`. In Rails 5, this behavior will change to `null: false`. You should manually specify `null: true` to prevent the behavior of your existing migrations from changing. (called from block in change at /Users/macuser/rails_projects/vownu/db/migrate/20150215003208_devise_create_users.rb:34)
  [1m[35m (0.4ms)[0m  CREATE TABLE "users" ("id" INTEGER PRIMARY KEY AUTOINCREMENT NOT NULL, "email" varchar DEFAULT '' NOT NULL, "encrypted_password" varchar DEFAULT '' NOT NULL, "reset_password_token" varchar, "reset_password_sent_at" datetime, "remember_created_at" datetime, "sign_in_count" integer DEFAULT 0 NOT NULL, "current_sign_in_at" datetime, "last_sign_in_at" datetime, "current_sign_in_ip" varchar, "last_sign_in_ip" varchar, "created_at" datetime, "updated_at" datetime) 
  [1m[36m (0.9ms)[0m  [1mCREATE UNIQUE INDEX "index_users_on_email" ON "users" ("email")[0m
  [1m[35m (0.1ms)[0m              SELECT sql
            FROM sqlite_master
            WHERE name='index_users_on_email' AND type='index'
            UNION ALL
            SELECT sql
            FROM sqlite_temp_master
            WHERE name='index_users_on_email' AND type='index'

  [1m[36m (0.2ms)[0m  [1mCREATE UNIQUE INDEX "index_users_on_reset_password_token" ON "users" ("reset_password_token")[0m
  [1m[35mSQL (0.1ms)[0m  INSERT INTO "schema_migrations" ("version") VALUES (?)  [["version", "20150215003208"]]
  [1m[36m (1.8ms)[0m  [1mcommit transaction[0m
Migrating to AddColumnsToUsers (20150215023313)
  [1m[35m (0.1ms)[0m  begin transaction
  [1m[36m (15.9ms)[0m  [1mALTER TABLE "users" ADD "provider" varchar[0m
  [1m[35m (0.2ms)[0m  ALTER TABLE "users" ADD "uid" varchar
  [1m[36mSQL (0.1ms)[0m  [1mINSERT INTO "schema_migrations" ("version") VALUES (?)[0m  [["version", "20150215023313"]]
  [1m[35m (1.4ms)[0m  commit transaction
Migrating to CreateUserProviders (20150215035917)
  [1m[36m (0.1ms)[0m  [1mbegin transaction[0m
  [1m[35m (0.4ms)[0m  CREATE TABLE "user_providers" ("id" INTEGER PRIMARY KEY AUTOINCREMENT NOT NULL, "user_id" integer, "provider" varchar, "uid" varchar) 
  [1m[36m (0.1ms)[0m  [1mCREATE  INDEX "index_user_providers_on_user_id" ON "user_providers" ("user_id")[0m
  [1m[35mSQL (0.2ms)[0m  INSERT INTO "schema_migrations" ("version") VALUES (?)  [["version", "20150215035917"]]
  [1m[36m (1.6ms)[0m  [1mcommit transaction[0m
Migrating to AddUsernameToUsers (20150215203843)
  [1m[35m (0.1ms)[0m  begin transaction
  [1m[36m (0.6ms)[0m  [1mALTER TABLE "users" ADD "username" varchar[0m
  [1m[35mSQL (0.2ms)[0m  INSERT INTO "schema_migrations" ("version") VALUES (?)  [["version", "20150215203843"]]
  [1m[36m (1.4ms)[0m  [1mcommit transaction[0m
Migrating to AddUColumnsToUsers (20150219023804)
  [1m[35m (0.1ms)[0m  begin transaction
  [1m[36m (0.5ms)[0m  [1mALTER TABLE "users" ADD "name" varchar[0m
  [1m[35m (0.2ms)[0m  ALTER TABLE "users" ADD "is_foundation" boolean
  [1m[36m (0.2ms)[0m  [1mALTER TABLE "users" ADD "photo_url" varchar[0m
  [1m[35m (0.2ms)[0m  ALTER TABLE "users" ADD "description" varchar
  [1m[36m (0.2ms)[0m  [1mALTER TABLE "users" ADD "categories" varchar[0m
  [1m[35mSQL (0.1ms)[0m  INSERT INTO "schema_migrations" ("version") VALUES (?)  [["version", "20150219023804"]]
  [1m[36m (1.4ms)[0m  [1mcommit transaction[0m
Migrating to RemoveProviderandUidFromUsers (20150219024002)
  [1m[35m (0.1ms)[0m  begin transaction
  [1m[36m (0.6ms)[0m  [1mCREATE TEMPORARY TABLE "ausers" ("id" INTEGER PRIMARY KEY AUTOINCREMENT NOT NULL, "email" varchar DEFAULT '' NOT NULL, "encrypted_password" varchar DEFAULT '' NOT NULL, "reset_password_token" varchar, "reset_password_sent_at" datetime, "remember_created_at" datetime, "sign_in_count" integer DEFAULT 0 NOT NULL, "current_sign_in_at" datetime, "last_sign_in_at" datetime, "current_sign_in_ip" varchar, "last_sign_in_ip" varchar, "created_at" datetime, "updated_at" datetime, "provider" varchar, "uid" varchar, "username" varchar, "name" varchar, "is_foundation" boolean, "photo_url" varchar, "description" varchar, "categories" varchar) [0m
  [1m[35m (0.2ms)[0m              SELECT sql
            FROM sqlite_master
            WHERE name='index_users_on_reset_password_token' AND type='index'
            UNION ALL
            SELECT sql
            FROM sqlite_temp_master
            WHERE name='index_users_on_reset_password_token' AND type='index'

  [1m[36m (0.1ms)[0m  [1m            SELECT sql
            FROM sqlite_master
            WHERE name='index_users_on_email' AND type='index'
            UNION ALL
            SELECT sql
            FROM sqlite_temp_master
            WHERE name='index_users_on_email' AND type='index'
[0m
  [1m[35m (0.8ms)[0m  CREATE UNIQUE INDEX "tindex_ausers_on_reset_password_token" ON "ausers" ("reset_password_token")
  [1m[36m (0.3ms)[0m  [1mCREATE UNIQUE INDEX "tindex_ausers_on_email" ON "ausers" ("email")[0m
  [1m[35m (0.2ms)[0m  SELECT * FROM "users"
  [1m[36m (1.3ms)[0m  [1mDROP TABLE "users"[0m
  [1m[35m (0.3ms)[0m  CREATE TABLE "users" ("id" INTEGER PRIMARY KEY AUTOINCREMENT NOT NULL, "email" varchar DEFAULT '' NOT NULL, "encrypted_password" varchar DEFAULT '' NOT NULL, "reset_password_token" varchar, "reset_password_sent_at" datetime, "remember_created_at" datetime, "sign_in_count" integer DEFAULT 0 NOT NULL, "current_sign_in_at" datetime, "last_sign_in_at" datetime, "current_sign_in_ip" varchar, "last_sign_in_ip" varchar, "created_at" datetime, "updated_at" datetime, "provider" varchar, "username" varchar, "name" varchar, "is_foundation" boolean, "photo_url" varchar, "description" varchar, "categories" varchar) 
  [1m[36m (0.1ms)[0m  [1m            SELECT sql
            FROM sqlite_master
            WHERE name='tindex_ausers_on_email' AND type='index'
            UNION ALL
            SELECT sql
            FROM sqlite_temp_master
            WHERE name='tindex_ausers_on_email' AND type='index'
[0m
  [1m[35m (0.1ms)[0m              SELECT sql
            FROM sqlite_master
            WHERE name='tindex_ausers_on_reset_password_token' AND type='index'
            UNION ALL
            SELECT sql
            FROM sqlite_temp_master
            WHERE name='tindex_ausers_on_reset_password_token' AND type='index'

  [1m[36m (0.4ms)[0m  [1mCREATE UNIQUE INDEX "index_users_on_email" ON "users" ("email")[0m
  [1m[35m (0.1ms)[0m              SELECT sql
            FROM sqlite_master
            WHERE name='index_users_on_email' AND type='index'
            UNION ALL
            SELECT sql
            FROM sqlite_temp_master
            WHERE name='index_users_on_email' AND type='index'

  [1m[36m (0.1ms)[0m  [1mCREATE UNIQUE INDEX "index_users_on_reset_password_token" ON "users" ("reset_password_token")[0m
  [1m[35m (0.1ms)[0m  SELECT * FROM "ausers"
  [1m[36m (0.2ms)[0m  [1mDROP TABLE "ausers"[0m
  [1m[35m (0.2ms)[0m  CREATE TEMPORARY TABLE "ausers" ("id" INTEGER PRIMARY KEY AUTOINCREMENT NOT NULL, "email" varchar DEFAULT '' NOT NULL, "encrypted_password" varchar DEFAULT '' NOT NULL, "reset_password_token" varchar, "reset_password_sent_at" datetime, "remember_created_at" datetime, "sign_in_count" integer DEFAULT 0 NOT NULL, "current_sign_in_at" datetime, "last_sign_in_at" datetime, "current_sign_in_ip" varchar, "last_sign_in_ip" varchar, "created_at" datetime, "updated_at" datetime, "provider" varchar, "username" varchar, "name" varchar, "is_foundation" boolean, "photo_url" varchar, "description" varchar, "categories" varchar) 
  [1m[36m (0.1ms)[0m  [1m            SELECT sql
            FROM sqlite_master
            WHERE name='index_users_on_reset_password_token' AND type='index'
            UNION ALL
            SELECT sql
            FROM sqlite_temp_master
            WHERE name='index_users_on_reset_password_token' AND type='index'
[0m
  [1m[35m (0.1ms)[0m              SELECT sql
            FROM sqlite_master
            WHERE name='index_users_on_email' AND type='index'
            UNION ALL
            SELECT sql
            FROM sqlite_temp_master
            WHERE name='index_users_on_email' AND type='index'

  [1m[36m (0.2ms)[0m  [1mCREATE UNIQUE INDEX "tindex_ausers_on_reset_password_token" ON "ausers" ("reset_password_token")[0m
  [1m[35m (0.4ms)[0m  CREATE UNIQUE INDEX "tindex_ausers_on_email" ON "ausers" ("email")
  [1m[36m (0.1ms)[0m  [1mSELECT * FROM "users"[0m
  [1m[35m (0.5ms)[0m  DROP TABLE "users"
  [1m[36m (0.3ms)[0m  [1mCREATE TABLE "users" ("id" INTEGER PRIMARY KEY AUTOINCREMENT NOT NULL, "email" varchar DEFAULT '' NOT NULL, "encrypted_password" varchar DEFAULT '' NOT NULL, "reset_password_token" varchar, "reset_password_sent_at" datetime, "remember_created_at" datetime, "sign_in_count" integer DEFAULT 0 NOT NULL, "current_sign_in_at" datetime, "last_sign_in_at" datetime, "current_sign_in_ip" varchar, "last_sign_in_ip" varchar, "created_at" datetime, "updated_at" datetime, "username" varchar, "name" varchar, "is_foundation" boolean, "photo_url" varchar, "description" varchar, "categories" varchar) [0m
  [1m[35m (0.1ms)[0m              SELECT sql
            FROM sqlite_master
            WHERE name='tindex_ausers_on_email' AND type='index'
            UNION ALL
            SELECT sql
            FROM sqlite_temp_master
            WHERE name='tindex_ausers_on_email' AND type='index'

  [1m[36m (0.1ms)[0m  [1m            SELECT sql
            FROM sqlite_master
            WHERE name='tindex_ausers_on_reset_password_token' AND type='index'
            UNION ALL
            SELECT sql
            FROM sqlite_temp_master
            WHERE name='tindex_ausers_on_reset_password_token' AND type='index'
[0m
  [1m[35m (0.2ms)[0m  CREATE UNIQUE INDEX "index_users_on_email" ON "users" ("email")
  [1m[36m (0.1ms)[0m  [1m            SELECT sql
            FROM sqlite_master
            WHERE name='index_users_on_email' AND type='index'
            UNION ALL
            SELECT sql
            FROM sqlite_temp_master
            WHERE name='index_users_on_email' AND type='index'
[0m
  [1m[35m (0.2ms)[0m  CREATE UNIQUE INDEX "index_users_on_reset_password_token" ON "users" ("reset_password_token")
  [1m[36m (0.1ms)[0m  [1mSELECT * FROM "ausers"[0m
  [1m[35m (0.2ms)[0m  DROP TABLE "ausers"
  [1m[36mSQL (0.2ms)[0m  [1mINSERT INTO "schema_migrations" ("version") VALUES (?)[0m  [["version", "20150219024002"]]
  [1m[35m (2.6ms)[0m  commit transaction
Migrating to AddAuthToUserProviders (20150219024745)
  [1m[36m (0.1ms)[0m  [1mbegin transaction[0m
  [1m[35m (0.4ms)[0m  ALTER TABLE "user_providers" ADD "token" varchar
  [1m[36m (0.2ms)[0m  [1mALTER TABLE "user_providers" ADD "secret" varchar[0m
  [1m[35m (0.2ms)[0m  ALTER TABLE "user_providers" ADD "provider_url" varchar
  [1m[36m (0.2ms)[0m  [1mALTER TABLE "user_providers" ADD "username" varchar[0m
  [1m[35m (0.2ms)[0m  ALTER TABLE "user_providers" ADD "reach_in" integer
  [1m[36m (0.2ms)[0m  [1mALTER TABLE "user_providers" ADD "reach_out" integer[0m
  [1m[35m (0.2ms)[0m  ALTER TABLE "user_providers" ADD "likes" integer
  [1m[36m (0.3ms)[0m  [1mALTER TABLE "user_providers" ADD "shares" integer[0m
  [1m[35m (0.3ms)[0m  ALTER TABLE "user_providers" ADD "comments" integer
  [1m[36mSQL (0.2ms)[0m  [1mINSERT INTO "schema_migrations" ("version") VALUES (?)[0m  [["version", "20150219024745"]]
  [1m[35m (1.9ms)[0m  commit transaction
Migrating to AddProfileCompletedToUser (20150220045756)
  [1m[36m (0.1ms)[0m  [1mbegin transaction[0m
  [1m[35m (0.5ms)[0m  ALTER TABLE "users" ADD "profile_completed?" boolean
  [1m[36mSQL (0.2ms)[0m  [1mINSERT INTO "schema_migrations" ("version") VALUES (?)[0m  [["version", "20150220045756"]]
  [1m[35m (2.5ms)[0m  commit transaction
Migrating to AddPhoneToUsers (20150222203845)
  [1m[36m (0.1ms)[0m  [1mbegin transaction[0m
  [1m[35m (0.5ms)[0m  ALTER TABLE "users" ADD "phone" varchar
  [1m[36mSQL (0.2ms)[0m  [1mINSERT INTO "schema_migrations" ("version") VALUES (?)[0m  [["version", "20150222203845"]]
  [1m[35m (1.5ms)[0m  commit transaction
Migrating to AddOauthTokenAndOauthSecretToUser (20150315031337)
  [1m[36m (0.1ms)[0m  [1mbegin transaction[0m
  [1m[35m (0.5ms)[0m  ALTER TABLE "users" ADD "oauth_secret" varchar
  [1m[36m (0.2ms)[0m  [1mALTER TABLE "users" ADD "oauth_token" varchar[0m
  [1m[35mSQL (0.2ms)[0m  INSERT INTO "schema_migrations" ("version") VALUES (?)  [["version", "20150315031337"]]
  [1m[36m (1.4ms)[0m  [1mcommit transaction[0m
  [1m[35mActiveRecord::SchemaMigration Load (0.1ms)[0m  SELECT "schema_migrations".* FROM "schema_migrations"
  [1m[36m (0.5ms)[0m  [1m            SELECT sql
            FROM sqlite_master
            WHERE name='index_user_providers_on_user_id' AND type='index'
            UNION ALL
            SELECT sql
            FROM sqlite_temp_master
            WHERE name='index_user_providers_on_user_id' AND type='index'
[0m
  [1m[35m (0.1ms)[0m              SELECT sql
            FROM sqlite_master
            WHERE name='index_users_on_reset_password_token' AND type='index'
            UNION ALL
            SELECT sql
            FROM sqlite_temp_master
            WHERE name='index_users_on_reset_password_token' AND type='index'

  [1m[36m (0.1ms)[0m  [1m            SELECT sql
            FROM sqlite_master
            WHERE name='index_users_on_email' AND type='index'
            UNION ALL
            SELECT sql
            FROM sqlite_temp_master
            WHERE name='index_users_on_email' AND type='index'
[0m
